2025-04-13 11:47:01,770 - weather_scraper - INFO - Table scraping started
2025-04-13 11:47:04,238 - weather_scraper - INFO - WebDriver initialized
2025-04-13 11:47:04,238 - weather_scraper - INFO - Navigating to https://webscraper.io/test-sites/tables
2025-04-13 11:47:05,314 - weather_scraper - INFO - Navigated to table test page: https://webscraper.io/test-sites/tables
2025-04-13 11:47:06,317 - weather_scraper - INFO - Extracting data from all tables across all navigation links
2025-04-13 11:47:06,348 - weather_scraper - INFO - Found 0 navigation links
2025-04-13 11:47:06,348 - weather_scraper - WARNING - No navigation links found
2025-04-13 11:47:06,362 - weather_scraper - INFO - Found 2 tables on current page
2025-04-13 11:47:06,363 - weather_scraper - INFO - Processing table 1 on current page
2025-04-13 11:47:06,453 - weather_scraper - INFO - Found 4 headers in table 1
2025-04-13 11:47:06,465 - weather_scraper - INFO - Found 3 rows in table 1
2025-04-13 11:47:06,761 - weather_scraper - INFO - Extracted 3 rows from table 1
2025-04-13 11:47:06,761 - weather_scraper - INFO - Processing table 2 on current page
2025-04-13 11:47:06,839 - weather_scraper - INFO - Found 4 headers in table 2
2025-04-13 11:47:06,847 - weather_scraper - INFO - Found 3 rows in table 2
2025-04-13 11:47:07,149 - weather_scraper - INFO - Extracted 3 rows from table 2
2025-04-13 11:47:07,149 - weather_scraper - INFO - Processing data from page: Main Page
2025-04-13 11:47:07,149 - weather_scraper - INFO - Successfully extracted 6 total rows from page: Main Page
2025-04-13 11:47:07,150 - weather_scraper - INFO - Data validation passed: 6 valid items
2025-04-13 11:47:07,150 - weather_scraper - INFO - Processed table data with enhanced price extraction
2025-04-13 11:47:07,150 - weather_scraper - INFO - Data validation passed: 6 valid items
2025-04-13 11:47:07,151 - weather_scraper - INFO - Processed table data with enhanced price extraction
2025-04-13 11:47:07,151 - weather_scraper - INFO - Calculated price statistics: {'count': 6, 'min': 0.0, 'max': 0.0, 'avg': 0.0, 'total': 0.0}
2025-04-13 11:47:07,154 - weather_scraper - INFO - Main Page price statistics: Min=$0.00, Max=$0.00, Average=$0.00, Total=$0.00
2025-04-13 11:47:07,158 - weather_scraper - INFO - Created DataFrame with 6 rows and 4 columns
2025-04-13 11:47:07,167 - weather_scraper - INFO - Data saved to scraped_Main_Page_data.csv
2025-04-13 11:47:07,167 - weather_scraper - INFO - Main Page data saved to C:\Users\drago\CascadeProjects\web-scraping-samples\sample-table-scraping\scraped_Main_Page_data.csv
2025-04-13 11:47:07,169 - weather_scraper - INFO - All scraped data saved to C:\Users\drago\CascadeProjects\web-scraping-samples\sample-table-scraping\all_scraped_data.json
2025-04-13 11:47:07,169 - weather_scraper - INFO - Closing WebDriver
2025-04-13 11:47:09,361 - weather_scraper - INFO - Table scraping completed
