2025-04-13 11:54:12,294 - weather_scraper - INFO - Table scraping started
2025-04-13 11:54:14,049 - weather_scraper - INFO - WebDriver initialized
2025-04-13 11:54:14,050 - weather_scraper - INFO - Navigating to https://webscraper.io/test-sites/tables
2025-04-13 11:54:15,106 - weather_scraper - INFO - Navigated to table test page: https://webscraper.io/test-sites/tables
2025-04-13 11:54:16,107 - weather_scraper - INFO - Extracting data from all tables across all navigation links
2025-04-13 11:54:16,138 - weather_scraper - INFO - Found 0 navigation links
2025-04-13 11:54:16,141 - weather_scraper - WARNING - No navigation links found
2025-04-13 11:54:16,156 - weather_scraper - INFO - Found 2 tables on current page
2025-04-13 11:54:16,156 - weather_scraper - INFO - Processing table 1 on current page
2025-04-13 11:54:16,242 - weather_scraper - INFO - Found 4 headers in table 1
2025-04-13 11:54:16,253 - weather_scraper - INFO - Found 3 rows in table 1
2025-04-13 11:54:16,555 - weather_scraper - INFO - Extracted 3 rows from table 1
2025-04-13 11:54:16,556 - weather_scraper - INFO - Processing table 2 on current page
2025-04-13 11:54:16,638 - weather_scraper - INFO - Found 4 headers in table 2
2025-04-13 11:54:16,648 - weather_scraper - INFO - Found 3 rows in table 2
2025-04-13 11:54:16,923 - weather_scraper - INFO - Extracted 3 rows from table 2
2025-04-13 11:54:16,923 - weather_scraper - INFO - Processing data from page: Main Page
2025-04-13 11:54:16,923 - weather_scraper - INFO - Data validation passed: 6 valid items
2025-04-13 11:54:16,924 - weather_scraper - INFO - Processed table data with enhanced price extraction
2025-04-13 11:54:16,924 - weather_scraper - INFO - Data validation passed: 6 valid items
