2025-04-12 16:12:56,505 - ecommerce_scraper - INFO - E-commerce scraping started
2025-04-12 16:12:56,506 - ecommerce_scraper - INFO - Setting up WebDriver
2025-04-12 16:12:57,949 - ecommerce_scraper - INFO - WebDriver initialized
2025-04-12 16:12:57,949 - ecommerce_page - INFO - Loading e-commerce page: https://webscraper.io/test-sites/e-commerce/allinone
2025-04-12 16:12:57,950 - ecommerce_page - INFO - Navigating to https://webscraper.io/test-sites/e-commerce/allinone
2025-04-12 16:12:58,819 - ecommerce_page - INFO - E-commerce page loaded successfully
2025-04-12 16:12:58,822 - ecommerce_page - INFO - Getting available categories
2025-04-12 16:12:58,860 - ecommerce_page - INFO - Found category: Home
2025-04-12 16:12:58,869 - ecommerce_page - INFO - Found category: Computers
2025-04-12 16:12:58,878 - ecommerce_page - INFO - Found category: Phones
2025-04-12 16:12:58,879 - ecommerce_scraper - INFO - Found 3 categories
2025-04-12 16:12:58,879 - ecommerce_scraper - INFO - Processing category: Computers
2025-04-12 16:12:58,879 - ecommerce_page - INFO - Navigating to category: Computers
2025-04-12 16:12:58,880 - ecommerce_page - INFO - Getting available categories
2025-04-12 16:12:58,894 - ecommerce_page - INFO - Found category: Home
2025-04-12 16:12:58,904 - ecommerce_page - INFO - Found category: Computers
2025-04-12 16:12:58,913 - ecommerce_page - INFO - Found category: Phones
2025-04-12 16:12:59,549 - ecommerce_page - INFO - Navigated to category: Computers
2025-04-12 16:13:01,550 - ecommerce_page - INFO - Getting products on current page
2025-04-12 16:13:01,563 - ecommerce_page - INFO - Found 3 products on page
2025-04-12 16:13:01,672 - ecommerce_page - INFO - Extracted data for product: Asus ZenBook U...
2025-04-12 16:13:01,753 - ecommerce_page - INFO - Extracted data for product: Dell Latitude...
2025-04-12 16:13:01,838 - ecommerce_page - INFO - Extracted data for product: Asus ROG Strix...
2025-04-12 16:13:01,838 - ecommerce_page - INFO - Extracted data for 3 products
2025-04-12 16:13:09,041 - urllib3.connectionpool - WARNING - Retrying (Retry(total=2, connect=None, read=None, redirect=None, status=None)) after connection broken by 'ConnectionResetError(10054, 'An existing connection was forcibly closed by the remote host', None, 10054, None)': /session/b96f4a97685a2e40d811b157e05ae606
2025-04-12 16:13:13,153 - urllib3.connectionpool - WARNING - Retrying (Retry(total=1, connect=None, read=None, redirect=None, status=None)) after connection broken by 'NewConnectionError('<urllib3.connection.HTTPConnection object at 0x00000140D0FF03B0>: Failed to establish a new connection: [WinError 10061] No connection could be made because the target machine actively refused it')': /session/b96f4a97685a2e40d811b157e05ae606
2025-04-12 16:13:17,253 - urllib3.connectionpool - WARNING - Retrying (Retry(total=0, connect=None, read=None, redirect=None, status=None)) after connection broken by 'NewConnectionError('<urllib3.connection.HTTPConnection object at 0x00000140D0FF1160>: Failed to establish a new connection: [WinError 10061] No connection could be made because the target machine actively refused it')': /session/b96f4a97685a2e40d811b157e05ae606
2025-04-12 16:13:25,478 - ecommerce_scraper - INFO - WebDriver closed
