2025-04-12 16:16:20,310 - ecommerce_scraper - INFO - E-commerce scraping started
2025-04-12 16:16:20,310 - ecommerce_scraper - INFO - Setting up WebDriver
2025-04-12 16:16:21,821 - ecommerce_scraper - INFO - WebDriver initialized
2025-04-12 16:16:21,822 - ecommerce_page - INFO - Loading e-commerce page: https://webscraper.io/test-sites/e-commerce/allinone
2025-04-12 16:16:21,822 - ecommerce_page - INFO - Navigating to https://webscraper.io/test-sites/e-commerce/allinone
2025-04-12 16:16:22,641 - ecommerce_page - INFO - E-commerce page loaded successfully
2025-04-12 16:16:22,644 - ecommerce_page - INFO - Getting available categories
2025-04-12 16:16:22,671 - ecommerce_page - INFO - Found category: Home
2025-04-12 16:16:22,681 - ecommerce_page - INFO - Found category: Computers
2025-04-12 16:16:22,690 - ecommerce_page - INFO - Found category: Phones
2025-04-12 16:16:22,691 - ecommerce_scraper - INFO - Found 3 categories
2025-04-12 16:16:22,691 - ecommerce_scraper - INFO - Processing category: Computers
2025-04-12 16:16:22,691 - ecommerce_page - INFO - Navigating to category: Computers
2025-04-12 16:16:22,692 - ecommerce_page - INFO - Getting available categories
2025-04-12 16:16:22,704 - ecommerce_page - INFO - Found category: Home
2025-04-12 16:16:22,711 - ecommerce_page - INFO - Found category: Computers
2025-04-12 16:16:22,719 - ecommerce_page - INFO - Found category: Phones
2025-04-12 16:16:22,874 - ecommerce_page - INFO - Navigated to category: Computers
2025-04-12 16:16:24,875 - ecommerce_page - INFO - Getting products on current page
2025-04-12 16:16:24,902 - ecommerce_page - INFO - Found 3 products on page
2025-04-12 16:16:25,017 - ecommerce_page - INFO - Extracted data for product: Asus ZenBook U...
2025-04-12 16:16:25,108 - ecommerce_page - INFO - Extracted data for product: Dell Latitude...
2025-04-12 16:16:25,190 - ecommerce_page - INFO - Extracted data for product: Asus ROG Strix...
2025-04-12 16:16:25,190 - ecommerce_page - INFO - Extracted data for 3 products
2025-04-12 16:16:35,510 - ecommerce_page - WARNING - Element not found with locator: ('css selector', '.pagination .next a')
2025-04-12 16:16:35,513 - ecommerce_scraper - INFO - Total products in category Computers: 3
2025-04-12 16:16:35,514 - ecommerce_scraper - INFO - Processing category: Phones
2025-04-12 16:16:35,516 - ecommerce_page - INFO - Navigating to category: Phones
2025-04-12 16:16:35,516 - ecommerce_page - INFO - Getting available categories
2025-04-12 16:16:35,567 - ecommerce_page - INFO - Found category: Home
2025-04-12 16:16:35,582 - ecommerce_page - INFO - Found category: Computers
Laptops
Tablets
2025-04-12 16:16:35,594 - ecommerce_page - INFO - Found category: Laptops
2025-04-12 16:16:35,603 - ecommerce_page - INFO - Found category: Tablets
2025-04-12 16:16:35,611 - ecommerce_page - INFO - Found category: Phones
2025-04-12 16:16:36,065 - ecommerce_page - INFO - Navigated to category: Phones
2025-04-12 16:16:38,066 - ecommerce_page - INFO - Getting products on current page
2025-04-12 16:16:38,090 - ecommerce_page - INFO - Found 3 products on page
2025-04-12 16:16:38,192 - ecommerce_page - INFO - Extracted data for product: Sony Xperia
2025-04-12 16:16:38,287 - ecommerce_page - INFO - Extracted data for product: Iphone
2025-04-12 16:16:38,369 - ecommerce_page - INFO - Extracted data for product: Iphone
2025-04-12 16:16:38,370 - ecommerce_page - INFO - Extracted data for 3 products
2025-04-12 16:16:48,783 - ecommerce_page - WARNING - Element not found with locator: ('css selector', '.pagination .next a')
2025-04-12 16:16:48,784 - ecommerce_scraper - INFO - Total products in category Phones: 3
2025-04-12 16:16:48,786 - data_handler - INFO - Data validation: 6 valid items out of 6
2025-04-12 16:16:48,787 - data_handler - INFO - Processed data for 6 products
2025-04-12 16:16:48,796 - data_handler - INFO - Created DataFrame with 6 rows and 9 columns
2025-04-12 16:16:48,807 - data_handler - INFO - Data saved to scraped_products.csv
2025-04-12 16:16:48,808 - data_handler - INFO - Data saved to C:\Users\drago\CascadeProjects\web-scraping-samples\sample-e-commerce-scraping\scraped_products.csv
2025-04-12 16:16:48,809 - ecommerce_scraper - INFO - Successfully extracted and saved 6 total products
2025-04-12 16:16:51,424 - ecommerce_scraper - INFO - WebDriver closed
