2025-04-13 11:50:37,053 - ecommerce_scraper - INFO - E-commerce scraping started
2025-04-13 11:50:37,054 - ecommerce_scraper - INFO - Setting up WebDriver
2025-04-13 11:50:38,567 - ecommerce_scraper - INFO - WebDriver initialized
2025-04-13 11:50:38,568 - ecommerce_page - INFO - Loading e-commerce page: https://webscraper.io/test-sites/e-commerce/allinone
2025-04-13 11:50:38,568 - ecommerce_page - INFO - Navigating to https://webscraper.io/test-sites/e-commerce/allinone
2025-04-13 11:50:39,348 - ecommerce_page - INFO - E-commerce page loaded successfully
2025-04-13 11:50:39,350 - ecommerce_scraper - INFO - Analyzing site navigation structure
2025-04-13 11:50:39,351 - ecommerce_page - INFO - Analyzing site navigation structure
2025-04-13 11:50:39,351 - ecommerce_page - INFO - Getting available main categories
2025-04-13 11:50:39,385 - ecommerce_page - INFO - Found category: Home
2025-04-13 11:50:39,395 - ecommerce_page - INFO - Found category: Computers
2025-04-13 11:50:39,404 - ecommerce_page - INFO - Found category: Phones
2025-04-13 11:50:39,405 - ecommerce_page - INFO - Checking if category needs expanding: Computers
2025-04-13 11:50:39,439 - ecommerce_page - INFO - Getting available main categories
2025-04-13 11:50:39,452 - ecommerce_page - INFO - Found category: Home
2025-04-13 11:50:39,462 - ecommerce_page - INFO - Found category: Computers
2025-04-13 11:50:39,470 - ecommerce_page - INFO - Found category: Phones
2025-04-13 11:50:40,934 - ecommerce_page - INFO - Expanded category: Computers
2025-04-13 11:50:40,935 - ecommerce_page - INFO - Getting subcategories for Computers
2025-04-13 11:50:40,935 - ecommerce_page - INFO - Checking if category needs expanding: Computers
2025-04-13 11:50:40,957 - ecommerce_page - INFO - Category Computers is already expanded
2025-04-13 11:50:40,994 - ecommerce_page - INFO - Found subcategory: Computers
2025-04-13 11:50:41,000 - ecommerce_page - INFO - Found subcategory: Laptops
2025-04-13 11:50:41,008 - ecommerce_page - INFO - Found subcategory: Tablets
2025-04-13 11:50:41,009 - ecommerce_page - INFO - Checking if category needs expanding: Phones
2025-04-13 11:50:41,026 - ecommerce_page - INFO - Getting available main categories
2025-04-13 11:50:41,039 - ecommerce_page - INFO - Found category: Home
2025-04-13 11:50:41,048 - ecommerce_page - INFO - Found category: Computers
Laptops
Tablets
2025-04-13 11:50:41,056 - ecommerce_page - INFO - Found category: Laptops
2025-04-13 11:50:41,064 - ecommerce_page - INFO - Found category: Tablets
2025-04-13 11:50:41,072 - ecommerce_page - INFO - Found category: Phones
2025-04-13 11:50:42,522 - ecommerce_page - INFO - Expanded category: Phones
2025-04-13 11:50:42,523 - ecommerce_page - INFO - Getting subcategories for Phones
2025-04-13 11:50:42,523 - ecommerce_page - INFO - Checking if category needs expanding: Phones
2025-04-13 11:50:42,547 - ecommerce_page - INFO - Category Phones is already expanded
2025-04-13 11:50:42,585 - ecommerce_page - INFO - Found subcategory: Phones
2025-04-13 11:50:42,593 - ecommerce_page - INFO - Found subcategory: Touch
2025-04-13 11:50:42,593 - ecommerce_scraper - INFO - Processing main category: Computers
2025-04-13 11:50:42,593 - ecommerce_page - INFO - Navigating to category: Computers
2025-04-13 11:50:42,594 - ecommerce_page - INFO - Getting available main categories
2025-04-13 11:50:42,606 - ecommerce_page - INFO - Found category: Home
2025-04-13 11:50:42,616 - ecommerce_page - INFO - Found category: Computers
2025-04-13 11:50:42,625 - ecommerce_page - INFO - Found category: Phones
Touch
2025-04-13 11:50:42,634 - ecommerce_page - INFO - Found category: Touch
2025-04-13 11:50:42,789 - ecommerce_page - INFO - Navigated to category: Computers
2025-04-13 11:50:44,791 - ecommerce_page - INFO - Getting products on current page
2025-04-13 11:50:44,805 - ecommerce_page - INFO - Found 3 products on page
2025-04-13 11:50:45,048 - ecommerce_page - INFO - Extracted data for product: Lenovo Legion...
2025-04-13 11:50:45,174 - ecommerce_page - INFO - Extracted data for product: Lenovo V510 Bl...
2025-04-13 11:50:45,294 - ecommerce_page - INFO - Extracted data for product: HP 250 G3
2025-04-13 11:50:45,294 - ecommerce_page - INFO - Extracted data for 3 products
2025-04-13 11:50:45,295 - ecommerce_scraper - INFO - Extracted 3 products from Computers
